<?xml version="1.0" encoding="UTF-8"?>
<coverage generated="1533494921263" clover="3.2.0">
  <project timestamp="1533494921263" name="All files">
    <metrics statements="17" coveredstatements="6" conditionals="2" coveredconditionals="0" methods="6" coveredmethods="2" elements="25" coveredelements="8" complexity="0" loc="17" ncloc="17" packages="1" files="2" classes="2">
      <file name="mongodb.module.js" path="/Users/carlosavi/Projects/hire/modules/mongodb/mongodb.module.js">
        <metrics statements="2" coveredstatements="2" conditionals="0" coveredconditionals="0" methods="1" coveredmethods="1"/>
        <line num="1" count="2" type="stmt"/>
        <line num="4" count="2" type="stmt"/>
      </file>
      <file name="mongodb.util.js" path="/Users/carlosavi/Projects/hire/modules/mongodb/mongodb.util.js">
        <metrics statements="15" coveredstatements="4" conditionals="2" coveredconditionals="0" methods="5" coveredmethods="1"/>
        <line num="1" count="2" type="stmt"/>
        <line num="4" count="2" type="stmt"/>
        <line num="8" count="2" type="stmt"/>
        <line num="9" count="2" type="stmt"/>
        <line num="12" count="0" type="stmt"/>
        <line num="16" count="0" type="stmt"/>
        <line num="18" count="0" type="stmt"/>
        <line num="20" count="0" type="stmt"/>
        <line num="23" count="0" type="stmt"/>
        <line num="24" count="0" type="stmt"/>
        <line num="29" count="0" type="stmt"/>
        <line num="31" count="0" type="cond" truecount="0" falsecount="2"/>
        <line num="32" count="0" type="stmt"/>
        <line num="35" count="0" type="stmt"/>
        <line num="37" count="0" type="stmt"/>
      </file>
    </metrics>
  </project>
</coverage>
