{"/Users/carlosavi/Projects/hire/modules/mongodb/mongodb.module.js": {"path":"/Users/carlosavi/Projects/hire/modules/mongodb/mongodb.module.js","statementMap":{"0":{"start":{"line":1,"column":0},"end":{"line":8,"column":4}},"1":{"start":{"line":4,"column":4},"end":{"line":6,"column":5}}},"fnMap":{"0":{"name":"(anonymous_0)","decl":{"start":{"line":1,"column":1},"end":{"line":1,"column":2}},"loc":{"start":{"line":1,"column":12},"end":{"line":8,"column":1}},"line":1}},"branchMap":{},"s":{"0":2,"1":2},"f":{"0":2},"b":{},"_coverageSchema":"332fd63041d2c1bcb487cc26dd0d5f7d97098a6c","hash":"96cab0ec937852464851a665b75ef95b123a3fe1"}
,"/Users/carlosavi/Projects/hire/modules/mongodb/mongodb.util.js": {"path":"/Users/carlosavi/Projects/hire/modules/mongodb/mongodb.util.js","statementMap":{"0":{"start":{"line":1,"column":0},"end":{"line":40,"column":4}},"1":{"start":{"line":4,"column":4},"end":{"line":6,"column":5}},"2":{"start":{"line":8,"column":21},"end":{"line":8,"column":40}},"3":{"start":{"line":9,"column":26},"end":{"line":9,"column":72}},"4":{"start":{"line":12,"column":24},"end":{"line":15,"column":9}},"5":{"start":{"line":16,"column":33},"end":{"line":16,"column":71}},"6":{"start":{"line":18,"column":8},"end":{"line":25,"column":15}},"7":{"start":{"line":20,"column":16},"end":{"line":20,"column":86}},"8":{"start":{"line":23,"column":16},"end":{"line":23,"column":43}},"9":{"start":{"line":24,"column":16},"end":{"line":24,"column":90}},"10":{"start":{"line":29,"column":31},"end":{"line":29,"column":47}},"11":{"start":{"line":31,"column":8},"end":{"line":33,"column":9}},"12":{"start":{"line":32,"column":12},"end":{"line":32,"column":74}},"13":{"start":{"line":35,"column":8},"end":{"line":35,"column":88}},"14":{"start":{"line":37,"column":8},"end":{"line":37,"column":32}}},"fnMap":{"0":{"name":"(anonymous_0)","decl":{"start":{"line":1,"column":1},"end":{"line":1,"column":2}},"loc":{"start":{"line":1,"column":13},"end":{"line":40,"column":1}},"line":1},"1":{"name":"init","decl":{"start":{"line":11,"column":13},"end":{"line":11,"column":17}},"loc":{"start":{"line":11,"column":20},"end":{"line":26,"column":5}},"line":11},"2":{"name":"(anonymous_2)","decl":{"start":{"line":19,"column":18},"end":{"line":19,"column":19}},"loc":{"start":{"line":19,"column":30},"end":{"line":21,"column":13}},"line":19},"3":{"name":"(anonymous_3)","decl":{"start":{"line":22,"column":19},"end":{"line":22,"column":20}},"loc":{"start":{"line":22,"column":30},"end":{"line":25,"column":13}},"line":22},"4":{"name":"prepareConnectionString","decl":{"start":{"line":28,"column":13},"end":{"line":28,"column":36}},"loc":{"start":{"line":28,"column":45},"end":{"line":38,"column":5}},"line":28}},"branchMap":{"0":{"loc":{"start":{"line":31,"column":8},"end":{"line":33,"column":9}},"type":"if","locations":[{"start":{"line":31,"column":8},"end":{"line":33,"column":9}},{"start":{"line":31,"column":8},"end":{"line":33,"column":9}}],"line":31}},"s":{"0":2,"1":2,"2":2,"3":2,"4":0,"5":0,"6":0,"7":0,"8":0,"9":0,"10":0,"11":0,"12":0,"13":0,"14":0},"f":{"0":2,"1":0,"2":0,"3":0,"4":0},"b":{"0":[0,0]},"_coverageSchema":"332fd63041d2c1bcb487cc26dd0d5f7d97098a6c","hash":"1be0150d402ef3613d5b100c7dfef4162d81fc0a"}
}
