TN:
SF:/Users/carlosavi/Projects/hire/modules/mongodb/mongodb.module.js
FN:1,(anonymous_0)
FNF:1
FNH:1
FNDA:2,(anonymous_0)
DA:1,2
DA:4,2
LF:2
LH:2
BRF:0
BRH:0
end_of_record
TN:
SF:/Users/carlosavi/Projects/hire/modules/mongodb/mongodb.util.js
FN:1,(anonymous_0)
FN:11,init
FN:19,(anonymous_2)
FN:22,(anonymous_3)
FN:28,prepareConnectionString
FNF:5
FNH:1
FNDA:2,(anonymous_0)
FNDA:0,init
FNDA:0,(anonymous_2)
FNDA:0,(anonymous_3)
FNDA:0,prepareConnectionString
DA:1,2
DA:4,2
DA:8,2
DA:9,2
DA:12,0
DA:16,0
DA:18,0
DA:20,0
DA:23,0
DA:24,0
DA:29,0
DA:31,0
DA:32,0
DA:35,0
DA:37,0
LF:15
LH:4
BRDA:31,0,0,0
BRDA:31,0,1,0
BRF:2
BRH:0
end_of_record
